<?xml version="1.0" encoding="UTF-8"?>
<robot generator="Robot 6.1.1 (Python 3.12.0 on win32)" generated="20231111 20:17:29.726" rpa="false" schemaversion="4">
<suite id="s1" name="Signup" source="C:\Projetos\qax\projects\walkdog-robot\tests\signup.robot">
<test id="s1-t1" name="Deve poder cadastrar um novo dog walker" line="10">
<kw name="Start session" library="base" type="SETUP">
<kw name="New Browser" library="Browser">
<arg>browser=${BROWSER}</arg>
<arg>headless=False</arg>
<tag>BrowserControl</tag>
<tag>Setter</tag>
<doc>Create a new playwright Browser with specified options.</doc>
<msg timestamp="20231111 20:17:31.008" level="INFO">{"browser": "firefox", "headless": false, "chromiumSandbox": false, "devtools": false, "handleSIGHUP": true, "handleSIGINT": true, "handleSIGTERM": true, "slowMo": 0.0, "timeout": 30000.0, "tracesDir": "C:\\Projetos\\qax\\projects\\walkdog-robot\\logs\\browser\\traces\\4a8fb9a3-664b-4096-801e-406fc20b9b2d"}</msg>
<msg timestamp="20231111 20:17:32.074" level="INFO">Successfully created browser with options: {"browser":"firefox","headless":false,"chromiumSandbox":false,"devtools":false,"handleSIGHUP":true,"handleSIGINT":true,"handleSIGTERM":true,"slowMo":0,"timeout":30000,"tracesDir":"C:\\Projetos\\qax\\projects\\walkdog-robot\\logs\\browser\\traces\\4a8fb9a3-664b-4096-801e-406fc20b9b2d"}</msg>
<status status="PASS" starttime="20231111 20:17:31.008" endtime="20231111 20:17:32.074"/>
</kw>
<kw name="New Page" library="Browser">
<arg>https://walkdog.vercel.app</arg>
<tag>BrowserControl</tag>
<tag>Setter</tag>
<doc>Open a new Page.</doc>
<msg timestamp="20231111 20:17:35.000" level="INFO">Successfully initialized new page object and opened url: https://walkdog.vercel.app</msg>
<msg timestamp="20231111 20:17:35.004" level="INFO">No context was open. New context was automatically opened when this page is created.</msg>
<status status="PASS" starttime="20231111 20:17:32.074" endtime="20231111 20:17:35.004"/>
</kw>
<kw name="Wait For Elements State" library="Browser">
<arg>css=h1 &gt;&gt; text=Cuidado e diversão em cada passo</arg>
<arg>visible</arg>
<arg>5</arg>
<tag>PageContent</tag>
<tag>Wait</tag>
<doc>Waits for the element found by ``selector`` to satisfy state option.</doc>
<msg timestamp="20231111 20:17:35.084" level="INFO">Waited for Element with selector css=h1 &gt;&gt; text=Cuidado e diversão em cada passo at state visible</msg>
<status status="PASS" starttime="20231111 20:17:35.004" endtime="20231111 20:17:35.084"/>
</kw>
<status status="PASS" starttime="20231111 20:17:31.008" endtime="20231111 20:17:35.084"/>
</kw>
<kw name="Create Dictionary" library="BuiltIn">
<var>${dog_walker}</var>
<arg>name=João Gabriel</arg>
<arg>email=contato@jglopes.dev</arg>
<arg>cpf=00000014141</arg>
<arg>cep=11050201</arg>
<arg>street=Avenida Washington Luís</arg>
<arg>district=Vila Mathias</arg>
<arg>city_uf=Santos/SP</arg>
<arg>number=200</arg>
<arg>details=Apto 28</arg>
<arg>cnh=toretto.jpg</arg>
<doc>Creates and returns a dictionary based on the given ``items``.</doc>
<msg timestamp="20231111 20:17:35.086" level="INFO">${dog_walker} = {'name': 'João Gabriel', 'email': 'contato@jglopes.dev', 'cpf': '00000014141', 'cep': '11050201', 'street': 'Avenida Washington Luís', 'district': 'Vila Mathias', 'city_uf': 'Santos/SP', 'number': '20...</msg>
<status status="PASS" starttime="20231111 20:17:35.085" endtime="20231111 20:17:35.086"/>
</kw>
<kw name="Go to signup page" library="signup">
<kw name="Click" library="Browser">
<arg>css=a[href="/signup"]</arg>
<tag>PageContent</tag>
<tag>Setter</tag>
<doc>Simulates mouse click on the element found by ``selector``.</doc>
<status status="PASS" starttime="20231111 20:17:35.087" endtime="20231111 20:17:35.224"/>
</kw>
<kw name="Wait For Elements State" library="Browser">
<arg>form h1</arg>
<arg>visible</arg>
<arg>5000</arg>
<tag>PageContent</tag>
<tag>Wait</tag>
<doc>Waits for the element found by ``selector`` to satisfy state option.</doc>
<msg timestamp="20231111 20:17:35.237" level="INFO">Waited for Element with selector form h1 at state visible</msg>
<status status="PASS" starttime="20231111 20:17:35.225" endtime="20231111 20:17:35.237"/>
</kw>
<kw name="Get Text" library="Browser">
<arg>form h1</arg>
<arg>equal</arg>
<arg>Faça seu cadastro</arg>
<tag>Assertion</tag>
<tag>Getter</tag>
<tag>PageContent</tag>
<doc>Returns text attribute of the element found by ``selector``.</doc>
<msg timestamp="20231111 20:17:35.304" level="INFO">Text: 'Faça seu cadastro'</msg>
<status status="PASS" starttime="20231111 20:17:35.237" endtime="20231111 20:17:35.304"/>
</kw>
<status status="PASS" starttime="20231111 20:17:35.087" endtime="20231111 20:17:35.304"/>
</kw>
<kw name="Fill signup form" library="signup">
<arg>${dog_walker}</arg>
<kw name="Fill Text" library="Browser">
<arg>css=input[name=name]</arg>
<arg>${dog_walker}[name]</arg>
<tag>PageContent</tag>
<tag>Setter</tag>
<doc>Clears and fills the given ``txt`` into the text field found by ``selector``.</doc>
<msg timestamp="20231111 20:17:35.304" level="INFO">Fills the text 'João Gabriel' in the given field.</msg>
<status status="PASS" starttime="20231111 20:17:35.304" endtime="20231111 20:17:35.372"/>
</kw>
<kw name="Fill Text" library="Browser">
<arg>css=input[name=email]</arg>
<arg>${dog_walker}[email]</arg>
<tag>PageContent</tag>
<tag>Setter</tag>
<doc>Clears and fills the given ``txt`` into the text field found by ``selector``.</doc>
<msg timestamp="20231111 20:17:35.372" level="INFO">Fills the text 'contato@jglopes.dev' in the given field.</msg>
<status status="PASS" starttime="20231111 20:17:35.372" endtime="20231111 20:17:35.434"/>
</kw>
<kw name="Fill Text" library="Browser">
<arg>css=input[name=cpf]</arg>
<arg>${dog_walker}[cpf]</arg>
<tag>PageContent</tag>
<tag>Setter</tag>
<doc>Clears and fills the given ``txt`` into the text field found by ``selector``.</doc>
<msg timestamp="20231111 20:17:35.434" level="INFO">Fills the text '00000014141' in the given field.</msg>
<status status="PASS" starttime="20231111 20:17:35.434" endtime="20231111 20:17:35.494"/>
</kw>
<kw name="Fill Text" library="Browser">
<arg>css=input[name=cep]</arg>
<arg>${dog_walker}[cep]</arg>
<tag>PageContent</tag>
<tag>Setter</tag>
<doc>Clears and fills the given ``txt`` into the text field found by ``selector``.</doc>
<msg timestamp="20231111 20:17:35.495" level="INFO">Fills the text '11050201' in the given field.</msg>
<status status="PASS" starttime="20231111 20:17:35.494" endtime="20231111 20:17:35.556"/>
</kw>
<kw name="Click" library="Browser">
<arg>css=input[type=button][value$=CEP]</arg>
<tag>PageContent</tag>
<tag>Setter</tag>
<doc>Simulates mouse click on the element found by ``selector``.</doc>
<status status="PASS" starttime="20231111 20:17:35.556" endtime="20231111 20:17:35.670"/>
</kw>
<kw name="Get Property" library="Browser">
<arg>css=input[name=addressStreet]</arg>
<arg>value</arg>
<arg>equal</arg>
<arg>${dog_walker}[street]</arg>
<tag>Assertion</tag>
<tag>Getter</tag>
<tag>PageContent</tag>
<doc>Returns the ``property`` of the element found by ``selector``.</doc>
<msg timestamp="20231111 20:17:36.139" level="INFO">Property: 'Avenida Washington Luís'</msg>
<status status="PASS" starttime="20231111 20:17:35.670" endtime="20231111 20:17:36.139"/>
</kw>
<kw name="Get Property" library="Browser">
<arg>css=input[name=addressDistrict]</arg>
<arg>value</arg>
<arg>equal</arg>
<arg>${dog_walker}[district]</arg>
<tag>Assertion</tag>
<tag>Getter</tag>
<tag>PageContent</tag>
<doc>Returns the ``property`` of the element found by ``selector``.</doc>
<msg timestamp="20231111 20:17:36.161" level="INFO">Property: 'Vila Mathias'</msg>
<status status="PASS" starttime="20231111 20:17:36.139" endtime="20231111 20:17:36.161"/>
</kw>
<kw name="Get Property" library="Browser">
<arg>css=input[name=addressCityUf]</arg>
<arg>value</arg>
<arg>equal</arg>
<arg>${dog_walker}[city_uf]</arg>
<tag>Assertion</tag>
<tag>Getter</tag>
<tag>PageContent</tag>
<doc>Returns the ``property`` of the element found by ``selector``.</doc>
<msg timestamp="20231111 20:17:36.183" level="INFO">Property: 'Santos/SP'</msg>
<status status="PASS" starttime="20231111 20:17:36.162" endtime="20231111 20:17:36.184"/>
</kw>
<kw name="Fill Text" library="Browser">
<arg>css=input[name=addressNumber]</arg>
<arg>${dog_walker}[number]</arg>
<tag>PageContent</tag>
<tag>Setter</tag>
<doc>Clears and fills the given ``txt`` into the text field found by ``selector``.</doc>
<msg timestamp="20231111 20:17:36.184" level="INFO">Fills the text '200' in the given field.</msg>
<status status="PASS" starttime="20231111 20:17:36.184" endtime="20231111 20:17:36.230"/>
</kw>
<kw name="Fill Text" library="Browser">
<arg>css=input[name=addressDetails]</arg>
<arg>${dog_walker}[details]</arg>
<tag>PageContent</tag>
<tag>Setter</tag>
<doc>Clears and fills the given ``txt`` into the text field found by ``selector``.</doc>
<msg timestamp="20231111 20:17:36.231" level="INFO">Fills the text 'Apto 28' in the given field.</msg>
<status status="PASS" starttime="20231111 20:17:36.230" endtime="20231111 20:17:36.277"/>
</kw>
<kw name="Upload File By Selector" library="Browser">
<arg>css=input[type=file]</arg>
<arg>${EXECDIR}/resources/fixtures/${dog_walker}[cnh]</arg>
<tag>PageContent</tag>
<tag>Setter</tag>
<doc>Uploads file from `path` to file input element matched by selector.</doc>
<status status="PASS" starttime="20231111 20:17:36.277" endtime="20231111 20:17:36.365"/>
</kw>
<status status="PASS" starttime="20231111 20:17:35.304" endtime="20231111 20:17:36.365"/>
</kw>
<kw name="Submit signup form" library="signup">
<kw name="Click" library="Browser">
<arg>css=.button-register</arg>
<tag>PageContent</tag>
<tag>Setter</tag>
<doc>Simulates mouse click on the element found by ``selector``.</doc>
<status status="PASS" starttime="20231111 20:17:36.366" endtime="20231111 20:17:36.480"/>
</kw>
<status status="PASS" starttime="20231111 20:17:36.365" endtime="20231111 20:17:36.480"/>
</kw>
<kw name="Popup should be" library="signup">
<arg>Recebemos o seu cadastro e em breve retornaremos o contato.</arg>
<kw name="Wait For Elements State" library="Browser">
<arg>css=.swal2-html-container</arg>
<arg>visible</arg>
<arg>5</arg>
<tag>PageContent</tag>
<tag>Wait</tag>
<doc>Waits for the element found by ``selector`` to satisfy state option.</doc>
<msg timestamp="20231111 20:17:37.341" level="INFO">Waited for Element with selector css=.swal2-html-container at state visible</msg>
<status status="PASS" starttime="20231111 20:17:36.480" endtime="20231111 20:17:37.341"/>
</kw>
<kw name="Get Text" library="Browser">
<arg>css=.swal2-html-container</arg>
<arg>equal</arg>
<arg>${expected_text}</arg>
<tag>Assertion</tag>
<tag>Getter</tag>
<tag>PageContent</tag>
<doc>Returns text attribute of the element found by ``selector``.</doc>
<msg timestamp="20231111 20:17:37.374" level="INFO">Text: 'Recebemos o seu cadastro e em breve retornaremos o contato.'</msg>
<status status="PASS" starttime="20231111 20:17:37.344" endtime="20231111 20:17:37.374"/>
</kw>
<status status="PASS" starttime="20231111 20:17:36.480" endtime="20231111 20:17:37.374"/>
</kw>
<kw name="Finish session" library="base" type="TEARDOWN">
<kw name="Take Screenshot" library="Browser">
<arg>fullPage=True</arg>
<tag>PageContent</tag>
<doc>Takes a screenshot of the current window or element and saves it to disk.</doc>
<msg timestamp="20231111 20:17:37.488" level="INFO" html="true">&lt;/td&gt;&lt;/tr&gt;&lt;tr&gt;&lt;td colspan="3"&gt;&lt;a href="browser/screenshot/robotframework-browser-screenshot-1.png" target="_blank"&gt;&lt;img src="browser/screenshot/robotframework-browser-screenshot-1.png" width="800px"/&gt;&lt;/a&gt;</msg>
<status status="PASS" starttime="20231111 20:17:37.374" endtime="20231111 20:17:37.489"/>
</kw>
<status status="PASS" starttime="20231111 20:17:37.374" endtime="20231111 20:17:37.489"/>
</kw>
<tag>smoke</tag>
<status status="PASS" starttime="20231111 20:17:31.004" endtime="20231111 20:17:37.491"/>
</test>
<test id="s1-t2" name="Não deve cadastrar se os campos obrigatórios não forem preenchidos" line="30">
<kw name="Start session" library="base" type="SETUP">
<kw name="New Browser" library="Browser">
<arg>browser=${BROWSER}</arg>
<arg>headless=False</arg>
<tag>BrowserControl</tag>
<tag>Setter</tag>
<doc>Create a new playwright Browser with specified options.</doc>
<msg timestamp="20231111 20:17:37.622" level="INFO">Switching browser to browser=dd318dcf-2867-4df8-9a13-f0cc39867731</msg>
<msg timestamp="20231111 20:17:37.632" level="INFO">Successfully changed active browser: browser=dd318dcf-2867-4df8-9a13-f0cc39867731</msg>
<msg timestamp="20231111 20:17:37.632" level="INFO">Reusing existing browser with id: browser=dd318dcf-2867-4df8-9a13-f0cc39867731</msg>
<status status="PASS" starttime="20231111 20:17:37.621" endtime="20231111 20:17:37.632"/>
</kw>
<kw name="New Page" library="Browser">
<arg>https://walkdog.vercel.app</arg>
<tag>BrowserControl</tag>
<tag>Setter</tag>
<doc>Open a new Page.</doc>
<msg timestamp="20231111 20:17:38.512" level="INFO">Successfully initialized new page object and opened url: https://walkdog.vercel.app</msg>
<msg timestamp="20231111 20:17:38.512" level="INFO">No context was open. New context was automatically opened when this page is created.</msg>
<status status="PASS" starttime="20231111 20:17:37.633" endtime="20231111 20:17:38.512"/>
</kw>
<kw name="Wait For Elements State" library="Browser">
<arg>css=h1 &gt;&gt; text=Cuidado e diversão em cada passo</arg>
<arg>visible</arg>
<arg>5</arg>
<tag>PageContent</tag>
<tag>Wait</tag>
<doc>Waits for the element found by ``selector`` to satisfy state option.</doc>
<msg timestamp="20231111 20:17:38.592" level="INFO">Waited for Element with selector css=h1 &gt;&gt; text=Cuidado e diversão em cada passo at state visible</msg>
<status status="PASS" starttime="20231111 20:17:38.514" endtime="20231111 20:17:38.592"/>
</kw>
<status status="PASS" starttime="20231111 20:17:37.620" endtime="20231111 20:17:38.593"/>
</kw>
<kw name="Go to signup page" library="signup">
<kw name="Click" library="Browser">
<arg>css=a[href="/signup"]</arg>
<tag>PageContent</tag>
<tag>Setter</tag>
<doc>Simulates mouse click on the element found by ``selector``.</doc>
<status status="PASS" starttime="20231111 20:17:38.593" endtime="20231111 20:17:38.729"/>
</kw>
<kw name="Wait For Elements State" library="Browser">
<arg>form h1</arg>
<arg>visible</arg>
<arg>5000</arg>
<tag>PageContent</tag>
<tag>Wait</tag>
<doc>Waits for the element found by ``selector`` to satisfy state option.</doc>
<msg timestamp="20231111 20:17:38.744" level="INFO">Waited for Element with selector form h1 at state visible</msg>
<status status="PASS" starttime="20231111 20:17:38.730" endtime="20231111 20:17:38.744"/>
</kw>
<kw name="Get Text" library="Browser">
<arg>form h1</arg>
<arg>equal</arg>
<arg>Faça seu cadastro</arg>
<tag>Assertion</tag>
<tag>Getter</tag>
<tag>PageContent</tag>
<doc>Returns text attribute of the element found by ``selector``.</doc>
<msg timestamp="20231111 20:17:38.807" level="INFO">Text: 'Faça seu cadastro'</msg>
<status status="PASS" starttime="20231111 20:17:38.745" endtime="20231111 20:17:38.807"/>
</kw>
<status status="PASS" starttime="20231111 20:17:38.593" endtime="20231111 20:17:38.807"/>
</kw>
<kw name="Submit signup form" library="signup">
<kw name="Click" library="Browser">
<arg>css=.button-register</arg>
<tag>PageContent</tag>
<tag>Setter</tag>
<doc>Simulates mouse click on the element found by ``selector``.</doc>
<status status="PASS" starttime="20231111 20:17:38.807" endtime="20231111 20:17:38.889"/>
</kw>
<status status="PASS" starttime="20231111 20:17:38.807" endtime="20231111 20:17:38.889"/>
</kw>
<kw name="Alert should be" library="signup">
<arg>Informe o seu nome completo</arg>
<kw name="Wait For Elements State" library="Browser">
<arg>css=.alert-error &gt;&gt; text=${expected_text}</arg>
<arg>visible</arg>
<arg>5</arg>
<tag>PageContent</tag>
<tag>Wait</tag>
<doc>Waits for the element found by ``selector`` to satisfy state option.</doc>
<msg timestamp="20231111 20:17:38.899" level="INFO">Waited for Element with selector css=.alert-error &gt;&gt; text=Informe o seu nome completo at state visible</msg>
<status status="PASS" starttime="20231111 20:17:38.890" endtime="20231111 20:17:38.899"/>
</kw>
<status status="PASS" starttime="20231111 20:17:38.889" endtime="20231111 20:17:38.899"/>
</kw>
<kw name="Alert should be" library="signup">
<arg>Informe o seu melhor email</arg>
<kw name="Wait For Elements State" library="Browser">
<arg>css=.alert-error &gt;&gt; text=${expected_text}</arg>
<arg>visible</arg>
<arg>5</arg>
<tag>PageContent</tag>
<tag>Wait</tag>
<doc>Waits for the element found by ``selector`` to satisfy state option.</doc>
<msg timestamp="20231111 20:17:38.912" level="INFO">Waited for Element with selector css=.alert-error &gt;&gt; text=Informe o seu melhor email at state visible</msg>
<status status="PASS" starttime="20231111 20:17:38.904" endtime="20231111 20:17:38.912"/>
</kw>
<status status="PASS" starttime="20231111 20:17:38.904" endtime="20231111 20:17:38.912"/>
</kw>
<kw name="Alert should be" library="signup">
<arg>Informe o seu CPF</arg>
<kw name="Wait For Elements State" library="Browser">
<arg>css=.alert-error &gt;&gt; text=${expected_text}</arg>
<arg>visible</arg>
<arg>5</arg>
<tag>PageContent</tag>
<tag>Wait</tag>
<doc>Waits for the element found by ``selector`` to satisfy state option.</doc>
<msg timestamp="20231111 20:17:38.928" level="INFO">Waited for Element with selector css=.alert-error &gt;&gt; text=Informe o seu CPF at state visible</msg>
<status status="PASS" starttime="20231111 20:17:38.914" endtime="20231111 20:17:38.928"/>
</kw>
<status status="PASS" starttime="20231111 20:17:38.914" endtime="20231111 20:17:38.928"/>
</kw>
<kw name="Alert should be" library="signup">
<arg>Informe o seu CEP</arg>
<kw name="Wait For Elements State" library="Browser">
<arg>css=.alert-error &gt;&gt; text=${expected_text}</arg>
<arg>visible</arg>
<arg>5</arg>
<tag>PageContent</tag>
<tag>Wait</tag>
<doc>Waits for the element found by ``selector`` to satisfy state option.</doc>
<msg timestamp="20231111 20:17:38.939" level="INFO">Waited for Element with selector css=.alert-error &gt;&gt; text=Informe o seu CEP at state visible</msg>
<status status="PASS" starttime="20231111 20:17:38.928" endtime="20231111 20:17:38.939"/>
</kw>
<status status="PASS" starttime="20231111 20:17:38.928" endtime="20231111 20:17:38.939"/>
</kw>
<kw name="Alert should be" library="signup">
<arg>Informe um número maior que zero</arg>
<kw name="Wait For Elements State" library="Browser">
<arg>css=.alert-error &gt;&gt; text=${expected_text}</arg>
<arg>visible</arg>
<arg>5</arg>
<tag>PageContent</tag>
<tag>Wait</tag>
<doc>Waits for the element found by ``selector`` to satisfy state option.</doc>
<msg timestamp="20231111 20:17:38.954" level="INFO">Waited for Element with selector css=.alert-error &gt;&gt; text=Informe um número maior que zero at state visible</msg>
<status status="PASS" starttime="20231111 20:17:38.939" endtime="20231111 20:17:38.955"/>
</kw>
<status status="PASS" starttime="20231111 20:17:38.939" endtime="20231111 20:17:38.955"/>
</kw>
<kw name="Alert should be" library="signup">
<arg>Adcione um documento com foto (RG ou CHN)</arg>
<kw name="Wait For Elements State" library="Browser">
<arg>css=.alert-error &gt;&gt; text=${expected_text}</arg>
<arg>visible</arg>
<arg>5</arg>
<tag>PageContent</tag>
<tag>Wait</tag>
<doc>Waits for the element found by ``selector`` to satisfy state option.</doc>
<msg timestamp="20231111 20:17:38.970" level="INFO">Waited for Element with selector css=.alert-error &gt;&gt; text=Adcione um documento com foto (RG ou CHN) at state visible</msg>
<status status="PASS" starttime="20231111 20:17:38.956" endtime="20231111 20:17:38.970"/>
</kw>
<status status="PASS" starttime="20231111 20:17:38.956" endtime="20231111 20:17:38.970"/>
</kw>
<kw name="Finish session" library="base" type="TEARDOWN">
<kw name="Take Screenshot" library="Browser">
<arg>fullPage=True</arg>
<tag>PageContent</tag>
<doc>Takes a screenshot of the current window or element and saves it to disk.</doc>
<msg timestamp="20231111 20:17:39.111" level="INFO" html="true">&lt;/td&gt;&lt;/tr&gt;&lt;tr&gt;&lt;td colspan="3"&gt;&lt;a href="browser/screenshot/robotframework-browser-screenshot-2.png" target="_blank"&gt;&lt;img src="browser/screenshot/robotframework-browser-screenshot-2.png" width="800px"/&gt;&lt;/a&gt;</msg>
<status status="PASS" starttime="20231111 20:17:38.971" endtime="20231111 20:17:39.111"/>
</kw>
<status status="PASS" starttime="20231111 20:17:38.971" endtime="20231111 20:17:39.111"/>
</kw>
<tag>required</tag>
<status status="PASS" starttime="20231111 20:17:37.610" endtime="20231111 20:17:39.111"/>
</test>
<test id="s1-t3" name="Não deve cadastrar se o CPF for incorreto" line="43">
<kw name="Start session" library="base" type="SETUP">
<kw name="New Browser" library="Browser">
<arg>browser=${BROWSER}</arg>
<arg>headless=False</arg>
<tag>BrowserControl</tag>
<tag>Setter</tag>
<doc>Create a new playwright Browser with specified options.</doc>
<msg timestamp="20231111 20:17:39.190" level="INFO">Switching browser to browser=dd318dcf-2867-4df8-9a13-f0cc39867731</msg>
<msg timestamp="20231111 20:17:39.201" level="INFO">Successfully changed active browser: browser=dd318dcf-2867-4df8-9a13-f0cc39867731</msg>
<msg timestamp="20231111 20:17:39.201" level="INFO">Reusing existing browser with id: browser=dd318dcf-2867-4df8-9a13-f0cc39867731</msg>
<status status="PASS" starttime="20231111 20:17:39.190" endtime="20231111 20:17:39.201"/>
</kw>
<kw name="New Page" library="Browser">
<arg>https://walkdog.vercel.app</arg>
<tag>BrowserControl</tag>
<tag>Setter</tag>
<doc>Open a new Page.</doc>
<msg timestamp="20231111 20:17:40.229" level="INFO">Successfully initialized new page object and opened url: https://walkdog.vercel.app</msg>
<msg timestamp="20231111 20:17:40.229" level="INFO">No context was open. New context was automatically opened when this page is created.</msg>
<status status="PASS" starttime="20231111 20:17:39.202" endtime="20231111 20:17:40.229"/>
</kw>
<kw name="Wait For Elements State" library="Browser">
<arg>css=h1 &gt;&gt; text=Cuidado e diversão em cada passo</arg>
<arg>visible</arg>
<arg>5</arg>
<tag>PageContent</tag>
<tag>Wait</tag>
<doc>Waits for the element found by ``selector`` to satisfy state option.</doc>
<msg timestamp="20231111 20:17:40.299" level="INFO">Waited for Element with selector css=h1 &gt;&gt; text=Cuidado e diversão em cada passo at state visible</msg>
<status status="PASS" starttime="20231111 20:17:40.230" endtime="20231111 20:17:40.300"/>
</kw>
<status status="PASS" starttime="20231111 20:17:39.189" endtime="20231111 20:17:40.301"/>
</kw>
<kw name="Create Dictionary" library="BuiltIn">
<var>${dog_walker}</var>
<arg>name=João Gabriel</arg>
<arg>email=contato@jglopes.dev</arg>
<arg>cpf=33333333333</arg>
<arg>cep=11050201</arg>
<arg>street=Avenida Washington Luís</arg>
<arg>district=Vila Mathias</arg>
<arg>city_uf=Santos/SP</arg>
<arg>number=200</arg>
<arg>details=Apto 28</arg>
<arg>cnh=toretto.jpg</arg>
<doc>Creates and returns a dictionary based on the given ``items``.</doc>
<msg timestamp="20231111 20:17:40.301" level="INFO">${dog_walker} = {'name': 'João Gabriel', 'email': 'contato@jglopes.dev', 'cpf': '33333333333', 'cep': '11050201', 'street': 'Avenida Washington Luís', 'district': 'Vila Mathias', 'city_uf': 'Santos/SP', 'number': '20...</msg>
<status status="PASS" starttime="20231111 20:17:40.301" endtime="20231111 20:17:40.301"/>
</kw>
<kw name="Go to signup page" library="signup">
<kw name="Click" library="Browser">
<arg>css=a[href="/signup"]</arg>
<tag>PageContent</tag>
<tag>Setter</tag>
<doc>Simulates mouse click on the element found by ``selector``.</doc>
<status status="PASS" starttime="20231111 20:17:40.304" endtime="20231111 20:17:40.442"/>
</kw>
<kw name="Wait For Elements State" library="Browser">
<arg>form h1</arg>
<arg>visible</arg>
<arg>5000</arg>
<tag>PageContent</tag>
<tag>Wait</tag>
<doc>Waits for the element found by ``selector`` to satisfy state option.</doc>
<msg timestamp="20231111 20:17:40.460" level="INFO">Waited for Element with selector form h1 at state visible</msg>
<status status="PASS" starttime="20231111 20:17:40.442" endtime="20231111 20:17:40.460"/>
</kw>
<kw name="Get Text" library="Browser">
<arg>form h1</arg>
<arg>equal</arg>
<arg>Faça seu cadastro</arg>
<tag>Assertion</tag>
<tag>Getter</tag>
<tag>PageContent</tag>
<doc>Returns text attribute of the element found by ``selector``.</doc>
<msg timestamp="20231111 20:17:40.528" level="INFO">Text: 'Faça seu cadastro'</msg>
<status status="PASS" starttime="20231111 20:17:40.461" endtime="20231111 20:17:40.528"/>
</kw>
<status status="PASS" starttime="20231111 20:17:40.304" endtime="20231111 20:17:40.528"/>
</kw>
<kw name="Fill signup form" library="signup">
<arg>${dog_walker}</arg>
<kw name="Fill Text" library="Browser">
<arg>css=input[name=name]</arg>
<arg>${dog_walker}[name]</arg>
<tag>PageContent</tag>
<tag>Setter</tag>
<doc>Clears and fills the given ``txt`` into the text field found by ``selector``.</doc>
<msg timestamp="20231111 20:17:40.529" level="INFO">Fills the text 'João Gabriel' in the given field.</msg>
<status status="PASS" starttime="20231111 20:17:40.529" endtime="20231111 20:17:40.587"/>
</kw>
<kw name="Fill Text" library="Browser">
<arg>css=input[name=email]</arg>
<arg>${dog_walker}[email]</arg>
<tag>PageContent</tag>
<tag>Setter</tag>
<doc>Clears and fills the given ``txt`` into the text field found by ``selector``.</doc>
<msg timestamp="20231111 20:17:40.590" level="INFO">Fills the text 'contato@jglopes.dev' in the given field.</msg>
<status status="PASS" starttime="20231111 20:17:40.589" endtime="20231111 20:17:40.640"/>
</kw>
<kw name="Fill Text" library="Browser">
<arg>css=input[name=cpf]</arg>
<arg>${dog_walker}[cpf]</arg>
<tag>PageContent</tag>
<tag>Setter</tag>
<doc>Clears and fills the given ``txt`` into the text field found by ``selector``.</doc>
<msg timestamp="20231111 20:17:40.640" level="INFO">Fills the text '33333333333' in the given field.</msg>
<status status="PASS" starttime="20231111 20:17:40.640" endtime="20231111 20:17:40.696"/>
</kw>
<kw name="Fill Text" library="Browser">
<arg>css=input[name=cep]</arg>
<arg>${dog_walker}[cep]</arg>
<tag>PageContent</tag>
<tag>Setter</tag>
<doc>Clears and fills the given ``txt`` into the text field found by ``selector``.</doc>
<msg timestamp="20231111 20:17:40.697" level="INFO">Fills the text '11050201' in the given field.</msg>
<status status="PASS" starttime="20231111 20:17:40.697" endtime="20231111 20:17:40.760"/>
</kw>
<kw name="Click" library="Browser">
<arg>css=input[type=button][value$=CEP]</arg>
<tag>PageContent</tag>
<tag>Setter</tag>
<doc>Simulates mouse click on the element found by ``selector``.</doc>
<status status="PASS" starttime="20231111 20:17:40.760" endtime="20231111 20:17:40.834"/>
</kw>
<kw name="Get Property" library="Browser">
<arg>css=input[name=addressStreet]</arg>
<arg>value</arg>
<arg>equal</arg>
<arg>${dog_walker}[street]</arg>
<tag>Assertion</tag>
<tag>Getter</tag>
<tag>PageContent</tag>
<doc>Returns the ``property`` of the element found by ``selector``.</doc>
<msg timestamp="20231111 20:17:41.307" level="INFO">Property: 'Avenida Washington Luís'</msg>
<status status="PASS" starttime="20231111 20:17:40.834" endtime="20231111 20:17:41.307"/>
</kw>
<kw name="Get Property" library="Browser">
<arg>css=input[name=addressDistrict]</arg>
<arg>value</arg>
<arg>equal</arg>
<arg>${dog_walker}[district]</arg>
<tag>Assertion</tag>
<tag>Getter</tag>
<tag>PageContent</tag>
<doc>Returns the ``property`` of the element found by ``selector``.</doc>
<msg timestamp="20231111 20:17:41.326" level="INFO">Property: 'Vila Mathias'</msg>
<status status="PASS" starttime="20231111 20:17:41.307" endtime="20231111 20:17:41.326"/>
</kw>
<kw name="Get Property" library="Browser">
<arg>css=input[name=addressCityUf]</arg>
<arg>value</arg>
<arg>equal</arg>
<arg>${dog_walker}[city_uf]</arg>
<tag>Assertion</tag>
<tag>Getter</tag>
<tag>PageContent</tag>
<doc>Returns the ``property`` of the element found by ``selector``.</doc>
<msg timestamp="20231111 20:17:41.340" level="INFO">Property: 'Santos/SP'</msg>
<status status="PASS" starttime="20231111 20:17:41.326" endtime="20231111 20:17:41.340"/>
</kw>
<kw name="Fill Text" library="Browser">
<arg>css=input[name=addressNumber]</arg>
<arg>${dog_walker}[number]</arg>
<tag>PageContent</tag>
<tag>Setter</tag>
<doc>Clears and fills the given ``txt`` into the text field found by ``selector``.</doc>
<msg timestamp="20231111 20:17:41.344" level="INFO">Fills the text '200' in the given field.</msg>
<status status="PASS" starttime="20231111 20:17:41.340" endtime="20231111 20:17:41.381"/>
</kw>
<kw name="Fill Text" library="Browser">
<arg>css=input[name=addressDetails]</arg>
<arg>${dog_walker}[details]</arg>
<tag>PageContent</tag>
<tag>Setter</tag>
<doc>Clears and fills the given ``txt`` into the text field found by ``selector``.</doc>
<msg timestamp="20231111 20:17:41.382" level="INFO">Fills the text 'Apto 28' in the given field.</msg>
<status status="PASS" starttime="20231111 20:17:41.381" endtime="20231111 20:17:41.424"/>
</kw>
<kw name="Upload File By Selector" library="Browser">
<arg>css=input[type=file]</arg>
<arg>${EXECDIR}/resources/fixtures/${dog_walker}[cnh]</arg>
<tag>PageContent</tag>
<tag>Setter</tag>
<doc>Uploads file from `path` to file input element matched by selector.</doc>
<status status="PASS" starttime="20231111 20:17:41.424" endtime="20231111 20:17:41.484"/>
</kw>
<status status="PASS" starttime="20231111 20:17:40.528" endtime="20231111 20:17:41.484"/>
</kw>
<kw name="Submit signup form" library="signup">
<kw name="Click" library="Browser">
<arg>css=.button-register</arg>
<tag>PageContent</tag>
<tag>Setter</tag>
<doc>Simulates mouse click on the element found by ``selector``.</doc>
<status status="PASS" starttime="20231111 20:17:41.486" endtime="20231111 20:17:41.615"/>
</kw>
<status status="PASS" starttime="20231111 20:17:41.486" endtime="20231111 20:17:41.615"/>
</kw>
<kw name="Alert should be" library="signup">
<arg>CPF inválido</arg>
<kw name="Wait For Elements State" library="Browser">
<arg>css=.alert-error &gt;&gt; text=${expected_text}</arg>
<arg>visible</arg>
<arg>5</arg>
<tag>PageContent</tag>
<tag>Wait</tag>
<doc>Waits for the element found by ``selector`` to satisfy state option.</doc>
<msg timestamp="20231111 20:17:41.629" level="INFO">Waited for Element with selector css=.alert-error &gt;&gt; text=CPF inválido at state visible</msg>
<status status="PASS" starttime="20231111 20:17:41.617" endtime="20231111 20:17:41.629"/>
</kw>
<status status="PASS" starttime="20231111 20:17:41.616" endtime="20231111 20:17:41.629"/>
</kw>
<kw name="Finish session" library="base" type="TEARDOWN">
<kw name="Take Screenshot" library="Browser">
<arg>fullPage=True</arg>
<tag>PageContent</tag>
<doc>Takes a screenshot of the current window or element and saves it to disk.</doc>
<msg timestamp="20231111 20:17:41.743" level="INFO" html="true">&lt;/td&gt;&lt;/tr&gt;&lt;tr&gt;&lt;td colspan="3"&gt;&lt;a href="browser/screenshot/robotframework-browser-screenshot-3.png" target="_blank"&gt;&lt;img src="browser/screenshot/robotframework-browser-screenshot-3.png" width="800px"/&gt;&lt;/a&gt;</msg>
<status status="PASS" starttime="20231111 20:17:41.630" endtime="20231111 20:17:41.743"/>
</kw>
<status status="PASS" starttime="20231111 20:17:41.630" endtime="20231111 20:17:41.743"/>
</kw>
<tag>cpf_inv</tag>
<status status="PASS" starttime="20231111 20:17:39.181" endtime="20231111 20:17:41.744"/>
</test>
<test id="s1-t4" name="Deve poder cadastrar um novo dog walker que sabe cuidar de pets" line="62">
<kw name="Start session" library="base" type="SETUP">
<kw name="New Browser" library="Browser">
<arg>browser=${BROWSER}</arg>
<arg>headless=False</arg>
<tag>BrowserControl</tag>
<tag>Setter</tag>
<doc>Create a new playwright Browser with specified options.</doc>
<msg timestamp="20231111 20:17:41.836" level="INFO">Switching browser to browser=dd318dcf-2867-4df8-9a13-f0cc39867731</msg>
<msg timestamp="20231111 20:17:41.842" level="INFO">Successfully changed active browser: browser=dd318dcf-2867-4df8-9a13-f0cc39867731</msg>
<msg timestamp="20231111 20:17:41.842" level="INFO">Reusing existing browser with id: browser=dd318dcf-2867-4df8-9a13-f0cc39867731</msg>
<status status="PASS" starttime="20231111 20:17:41.835" endtime="20231111 20:17:41.844"/>
</kw>
<kw name="New Page" library="Browser">
<arg>https://walkdog.vercel.app</arg>
<tag>BrowserControl</tag>
<tag>Setter</tag>
<doc>Open a new Page.</doc>
<msg timestamp="20231111 20:17:42.728" level="INFO">Successfully initialized new page object and opened url: https://walkdog.vercel.app</msg>
<msg timestamp="20231111 20:17:42.728" level="INFO">No context was open. New context was automatically opened when this page is created.</msg>
<status status="PASS" starttime="20231111 20:17:41.846" endtime="20231111 20:17:42.728"/>
</kw>
<kw name="Wait For Elements State" library="Browser">
<arg>css=h1 &gt;&gt; text=Cuidado e diversão em cada passo</arg>
<arg>visible</arg>
<arg>5</arg>
<tag>PageContent</tag>
<tag>Wait</tag>
<doc>Waits for the element found by ``selector`` to satisfy state option.</doc>
<msg timestamp="20231111 20:17:42.804" level="INFO">Waited for Element with selector css=h1 &gt;&gt; text=Cuidado e diversão em cada passo at state visible</msg>
<status status="PASS" starttime="20231111 20:17:42.728" endtime="20231111 20:17:42.804"/>
</kw>
<status status="PASS" starttime="20231111 20:17:41.834" endtime="20231111 20:17:42.804"/>
</kw>
<kw name="Create Dictionary" library="BuiltIn">
<var>${dog_walker}</var>
<arg>name=Murilo Mendonça Lopes</arg>
<arg>email=murilo.lopes@gmail.com</arg>
<arg>cpf=00000014141</arg>
<arg>cep=11050201</arg>
<arg>street=Avenida Washington Luís</arg>
<arg>district=Vila Mathias</arg>
<arg>city_uf=Santos/SP</arg>
<arg>number=200</arg>
<arg>details=Apto 28</arg>
<arg>cnh=toretto.jpg</arg>
<doc>Creates and returns a dictionary based on the given ``items``.</doc>
<msg timestamp="20231111 20:17:42.804" level="INFO">${dog_walker} = {'name': 'Murilo Mendonça Lopes', 'email': 'murilo.lopes@gmail.com', 'cpf': '00000014141', 'cep': '11050201', 'street': 'Avenida Washington Luís', 'district': 'Vila Mathias', 'city_uf': 'Santos/SP', '...</msg>
<status status="PASS" starttime="20231111 20:17:42.804" endtime="20231111 20:17:42.804"/>
</kw>
<kw name="Go to signup page" library="signup">
<kw name="Click" library="Browser">
<arg>css=a[href="/signup"]</arg>
<tag>PageContent</tag>
<tag>Setter</tag>
<doc>Simulates mouse click on the element found by ``selector``.</doc>
<status status="PASS" starttime="20231111 20:17:42.804" endtime="20231111 20:17:42.944"/>
</kw>
<kw name="Wait For Elements State" library="Browser">
<arg>form h1</arg>
<arg>visible</arg>
<arg>5000</arg>
<tag>PageContent</tag>
<tag>Wait</tag>
<doc>Waits for the element found by ``selector`` to satisfy state option.</doc>
<msg timestamp="20231111 20:17:42.972" level="INFO">Waited for Element with selector form h1 at state visible</msg>
<status status="PASS" starttime="20231111 20:17:42.944" endtime="20231111 20:17:42.972"/>
</kw>
<kw name="Get Text" library="Browser">
<arg>form h1</arg>
<arg>equal</arg>
<arg>Faça seu cadastro</arg>
<tag>Assertion</tag>
<tag>Getter</tag>
<tag>PageContent</tag>
<doc>Returns text attribute of the element found by ``selector``.</doc>
<msg timestamp="20231111 20:17:43.027" level="INFO">Text: 'Faça seu cadastro'</msg>
<status status="PASS" starttime="20231111 20:17:42.972" endtime="20231111 20:17:43.027"/>
</kw>
<status status="PASS" starttime="20231111 20:17:42.804" endtime="20231111 20:17:43.027"/>
</kw>
<kw name="Fill signup form" library="signup">
<arg>${dog_walker}</arg>
<kw name="Fill Text" library="Browser">
<arg>css=input[name=name]</arg>
<arg>${dog_walker}[name]</arg>
<tag>PageContent</tag>
<tag>Setter</tag>
<doc>Clears and fills the given ``txt`` into the text field found by ``selector``.</doc>
<msg timestamp="20231111 20:17:43.028" level="INFO">Fills the text 'Murilo Mendonça Lopes' in the given field.</msg>
<status status="PASS" starttime="20231111 20:17:43.028" endtime="20231111 20:17:43.067"/>
</kw>
<kw name="Fill Text" library="Browser">
<arg>css=input[name=email]</arg>
<arg>${dog_walker}[email]</arg>
<tag>PageContent</tag>
<tag>Setter</tag>
<doc>Clears and fills the given ``txt`` into the text field found by ``selector``.</doc>
<msg timestamp="20231111 20:17:43.069" level="INFO">Fills the text 'murilo.lopes@gmail.com' in the given field.</msg>
<status status="PASS" starttime="20231111 20:17:43.067" endtime="20231111 20:17:43.122"/>
</kw>
<kw name="Fill Text" library="Browser">
<arg>css=input[name=cpf]</arg>
<arg>${dog_walker}[cpf]</arg>
<tag>PageContent</tag>
<tag>Setter</tag>
<doc>Clears and fills the given ``txt`` into the text field found by ``selector``.</doc>
<msg timestamp="20231111 20:17:43.124" level="INFO">Fills the text '00000014141' in the given field.</msg>
<status status="PASS" starttime="20231111 20:17:43.124" endtime="20231111 20:17:43.159"/>
</kw>
<kw name="Fill Text" library="Browser">
<arg>css=input[name=cep]</arg>
<arg>${dog_walker}[cep]</arg>
<tag>PageContent</tag>
<tag>Setter</tag>
<doc>Clears and fills the given ``txt`` into the text field found by ``selector``.</doc>
<msg timestamp="20231111 20:17:43.160" level="INFO">Fills the text '11050201' in the given field.</msg>
<status status="PASS" starttime="20231111 20:17:43.160" endtime="20231111 20:17:43.197"/>
</kw>
<kw name="Click" library="Browser">
<arg>css=input[type=button][value$=CEP]</arg>
<tag>PageContent</tag>
<tag>Setter</tag>
<doc>Simulates mouse click on the element found by ``selector``.</doc>
<status status="PASS" starttime="20231111 20:17:43.197" endtime="20231111 20:17:43.244"/>
</kw>
<kw name="Get Property" library="Browser">
<arg>css=input[name=addressStreet]</arg>
<arg>value</arg>
<arg>equal</arg>
<arg>${dog_walker}[street]</arg>
<tag>Assertion</tag>
<tag>Getter</tag>
<tag>PageContent</tag>
<doc>Returns the ``property`` of the element found by ``selector``.</doc>
<msg timestamp="20231111 20:17:43.698" level="INFO">Property: 'Avenida Washington Luís'</msg>
<status status="PASS" starttime="20231111 20:17:43.244" endtime="20231111 20:17:43.698"/>
</kw>
<kw name="Get Property" library="Browser">
<arg>css=input[name=addressDistrict]</arg>
<arg>value</arg>
<arg>equal</arg>
<arg>${dog_walker}[district]</arg>
<tag>Assertion</tag>
<tag>Getter</tag>
<tag>PageContent</tag>
<doc>Returns the ``property`` of the element found by ``selector``.</doc>
<msg timestamp="20231111 20:17:43.719" level="INFO">Property: 'Vila Mathias'</msg>
<status status="PASS" starttime="20231111 20:17:43.698" endtime="20231111 20:17:43.719"/>
</kw>
<kw name="Get Property" library="Browser">
<arg>css=input[name=addressCityUf]</arg>
<arg>value</arg>
<arg>equal</arg>
<arg>${dog_walker}[city_uf]</arg>
<tag>Assertion</tag>
<tag>Getter</tag>
<tag>PageContent</tag>
<doc>Returns the ``property`` of the element found by ``selector``.</doc>
<msg timestamp="20231111 20:17:43.737" level="INFO">Property: 'Santos/SP'</msg>
<status status="PASS" starttime="20231111 20:17:43.719" endtime="20231111 20:17:43.737"/>
</kw>
<kw name="Fill Text" library="Browser">
<arg>css=input[name=addressNumber]</arg>
<arg>${dog_walker}[number]</arg>
<tag>PageContent</tag>
<tag>Setter</tag>
<doc>Clears and fills the given ``txt`` into the text field found by ``selector``.</doc>
<msg timestamp="20231111 20:17:43.737" level="INFO">Fills the text '200' in the given field.</msg>
<status status="PASS" starttime="20231111 20:17:43.737" endtime="20231111 20:17:43.774"/>
</kw>
<kw name="Fill Text" library="Browser">
<arg>css=input[name=addressDetails]</arg>
<arg>${dog_walker}[details]</arg>
<tag>PageContent</tag>
<tag>Setter</tag>
<doc>Clears and fills the given ``txt`` into the text field found by ``selector``.</doc>
<msg timestamp="20231111 20:17:43.774" level="INFO">Fills the text 'Apto 28' in the given field.</msg>
<status status="PASS" starttime="20231111 20:17:43.774" endtime="20231111 20:17:43.824"/>
</kw>
<kw name="Upload File By Selector" library="Browser">
<arg>css=input[type=file]</arg>
<arg>${EXECDIR}/resources/fixtures/${dog_walker}[cnh]</arg>
<tag>PageContent</tag>
<tag>Setter</tag>
<doc>Uploads file from `path` to file input element matched by selector.</doc>
<status status="PASS" starttime="20231111 20:17:43.825" endtime="20231111 20:17:43.894"/>
</kw>
<status status="PASS" starttime="20231111 20:17:43.027" endtime="20231111 20:17:43.894"/>
</kw>
<kw name="Additional Service" library="signup">
<arg>Cuidar</arg>
<kw name="Click" library="Browser">
<arg>xpath=//span[text()="${additional_service}"]/..</arg>
<tag>PageContent</tag>
<tag>Setter</tag>
<doc>Simulates mouse click on the element found by ``selector``.</doc>
<status status="PASS" starttime="20231111 20:17:43.895" endtime="20231111 20:17:43.998"/>
</kw>
<status status="PASS" starttime="20231111 20:17:43.894" endtime="20231111 20:17:43.998"/>
</kw>
<kw name="Submit signup form" library="signup">
<kw name="Click" library="Browser">
<arg>css=.button-register</arg>
<tag>PageContent</tag>
<tag>Setter</tag>
<doc>Simulates mouse click on the element found by ``selector``.</doc>
<status status="PASS" starttime="20231111 20:17:44.002" endtime="20231111 20:17:44.073"/>
</kw>
<status status="PASS" starttime="20231111 20:17:44.002" endtime="20231111 20:17:44.073"/>
</kw>
<kw name="Popup should be" library="signup">
<arg>Recebemos o seu cadastro e em breve retornaremos o contato.</arg>
<kw name="Wait For Elements State" library="Browser">
<arg>css=.swal2-html-container</arg>
<arg>visible</arg>
<arg>5</arg>
<tag>PageContent</tag>
<tag>Wait</tag>
<doc>Waits for the element found by ``selector`` to satisfy state option.</doc>
<msg timestamp="20231111 20:17:44.929" level="INFO">Waited for Element with selector css=.swal2-html-container at state visible</msg>
<status status="PASS" starttime="20231111 20:17:44.074" endtime="20231111 20:17:44.929"/>
</kw>
<kw name="Get Text" library="Browser">
<arg>css=.swal2-html-container</arg>
<arg>equal</arg>
<arg>${expected_text}</arg>
<tag>Assertion</tag>
<tag>Getter</tag>
<tag>PageContent</tag>
<doc>Returns text attribute of the element found by ``selector``.</doc>
<msg timestamp="20231111 20:17:44.958" level="INFO">Text: 'Recebemos o seu cadastro e em breve retornaremos o contato.'</msg>
<status status="PASS" starttime="20231111 20:17:44.929" endtime="20231111 20:17:44.958"/>
</kw>
<status status="PASS" starttime="20231111 20:17:44.074" endtime="20231111 20:17:44.958"/>
</kw>
<kw name="Finish session" library="base" type="TEARDOWN">
<kw name="Take Screenshot" library="Browser">
<arg>fullPage=True</arg>
<tag>PageContent</tag>
<doc>Takes a screenshot of the current window or element and saves it to disk.</doc>
<msg timestamp="20231111 20:17:45.065" level="INFO" html="true">&lt;/td&gt;&lt;/tr&gt;&lt;tr&gt;&lt;td colspan="3"&gt;&lt;a href="browser/screenshot/robotframework-browser-screenshot-4.png" target="_blank"&gt;&lt;img src="browser/screenshot/robotframework-browser-screenshot-4.png" width="800px"/&gt;&lt;/a&gt;</msg>
<status status="PASS" starttime="20231111 20:17:44.959" endtime="20231111 20:17:45.065"/>
</kw>
<status status="PASS" starttime="20231111 20:17:44.959" endtime="20231111 20:17:45.068"/>
</kw>
<tag>aservice</tag>
<status status="PASS" starttime="20231111 20:17:41.822" endtime="20231111 20:17:45.068"/>
</test>
<test id="s1-t5" name="Deve poder cadastrar um novo dog walker que sabe adestrar pets" line="83">
<kw name="Start session" library="base" type="SETUP">
<kw name="New Browser" library="Browser">
<arg>browser=${BROWSER}</arg>
<arg>headless=False</arg>
<tag>BrowserControl</tag>
<tag>Setter</tag>
<doc>Create a new playwright Browser with specified options.</doc>
<msg timestamp="20231111 20:17:45.172" level="INFO">Switching browser to browser=dd318dcf-2867-4df8-9a13-f0cc39867731</msg>
<msg timestamp="20231111 20:17:45.176" level="INFO">Successfully changed active browser: browser=dd318dcf-2867-4df8-9a13-f0cc39867731</msg>
<msg timestamp="20231111 20:17:45.176" level="INFO">Reusing existing browser with id: browser=dd318dcf-2867-4df8-9a13-f0cc39867731</msg>
<status status="PASS" starttime="20231111 20:17:45.171" endtime="20231111 20:17:45.176"/>
</kw>
<kw name="New Page" library="Browser">
<arg>https://walkdog.vercel.app</arg>
<tag>BrowserControl</tag>
<tag>Setter</tag>
<doc>Open a new Page.</doc>
<msg timestamp="20231111 20:17:46.231" level="INFO">Successfully initialized new page object and opened url: https://walkdog.vercel.app</msg>
<msg timestamp="20231111 20:17:46.231" level="INFO">No context was open. New context was automatically opened when this page is created.</msg>
<status status="PASS" starttime="20231111 20:17:45.176" endtime="20231111 20:17:46.232"/>
</kw>
<kw name="Wait For Elements State" library="Browser">
<arg>css=h1 &gt;&gt; text=Cuidado e diversão em cada passo</arg>
<arg>visible</arg>
<arg>5</arg>
<tag>PageContent</tag>
<tag>Wait</tag>
<doc>Waits for the element found by ``selector`` to satisfy state option.</doc>
<msg timestamp="20231111 20:17:46.319" level="INFO">Waited for Element with selector css=h1 &gt;&gt; text=Cuidado e diversão em cada passo at state visible</msg>
<status status="PASS" starttime="20231111 20:17:46.232" endtime="20231111 20:17:46.319"/>
</kw>
<status status="PASS" starttime="20231111 20:17:45.170" endtime="20231111 20:17:46.319"/>
</kw>
<kw name="Create Dictionary" library="BuiltIn">
<var>${dog_walker}</var>
<arg>name=Suzane Mendonca</arg>
<arg>email=suzane.mendonca@yahoo.com</arg>
<arg>cpf=00000014141</arg>
<arg>cep=11050201</arg>
<arg>street=Avenida Washington Luís</arg>
<arg>district=Vila Mathias</arg>
<arg>city_uf=Santos/SP</arg>
<arg>number=200</arg>
<arg>details=Apto 28</arg>
<arg>cnh=toretto.jpg</arg>
<doc>Creates and returns a dictionary based on the given ``items``.</doc>
<msg timestamp="20231111 20:17:46.321" level="INFO">${dog_walker} = {'name': 'Suzane Mendonca', 'email': 'suzane.mendonca@yahoo.com', 'cpf': '00000014141', 'cep': '11050201', 'street': 'Avenida Washington Luís', 'district': 'Vila Mathias', 'city_uf': 'Santos/SP', 'num...</msg>
<status status="PASS" starttime="20231111 20:17:46.320" endtime="20231111 20:17:46.321"/>
</kw>
<kw name="Go to signup page" library="signup">
<kw name="Click" library="Browser">
<arg>css=a[href="/signup"]</arg>
<tag>PageContent</tag>
<tag>Setter</tag>
<doc>Simulates mouse click on the element found by ``selector``.</doc>
<status status="PASS" starttime="20231111 20:17:46.322" endtime="20231111 20:17:46.444"/>
</kw>
<kw name="Wait For Elements State" library="Browser">
<arg>form h1</arg>
<arg>visible</arg>
<arg>5000</arg>
<tag>PageContent</tag>
<tag>Wait</tag>
<doc>Waits for the element found by ``selector`` to satisfy state option.</doc>
<msg timestamp="20231111 20:17:46.464" level="INFO">Waited for Element with selector form h1 at state visible</msg>
<status status="PASS" starttime="20231111 20:17:46.448" endtime="20231111 20:17:46.464"/>
</kw>
<kw name="Get Text" library="Browser">
<arg>form h1</arg>
<arg>equal</arg>
<arg>Faça seu cadastro</arg>
<tag>Assertion</tag>
<tag>Getter</tag>
<tag>PageContent</tag>
<doc>Returns text attribute of the element found by ``selector``.</doc>
<msg timestamp="20231111 20:17:46.527" level="INFO">Text: 'Faça seu cadastro'</msg>
<status status="PASS" starttime="20231111 20:17:46.464" endtime="20231111 20:17:46.527"/>
</kw>
<status status="PASS" starttime="20231111 20:17:46.322" endtime="20231111 20:17:46.528"/>
</kw>
<kw name="Fill signup form" library="signup">
<arg>${dog_walker}</arg>
<kw name="Fill Text" library="Browser">
<arg>css=input[name=name]</arg>
<arg>${dog_walker}[name]</arg>
<tag>PageContent</tag>
<tag>Setter</tag>
<doc>Clears and fills the given ``txt`` into the text field found by ``selector``.</doc>
<msg timestamp="20231111 20:17:46.528" level="INFO">Fills the text 'Suzane Mendonca' in the given field.</msg>
<status status="PASS" starttime="20231111 20:17:46.528" endtime="20231111 20:17:46.566"/>
</kw>
<kw name="Fill Text" library="Browser">
<arg>css=input[name=email]</arg>
<arg>${dog_walker}[email]</arg>
<tag>PageContent</tag>
<tag>Setter</tag>
<doc>Clears and fills the given ``txt`` into the text field found by ``selector``.</doc>
<msg timestamp="20231111 20:17:46.569" level="INFO">Fills the text 'suzane.mendonca@yahoo.com' in the given field.</msg>
<status status="PASS" starttime="20231111 20:17:46.567" endtime="20231111 20:17:46.606"/>
</kw>
<kw name="Fill Text" library="Browser">
<arg>css=input[name=cpf]</arg>
<arg>${dog_walker}[cpf]</arg>
<tag>PageContent</tag>
<tag>Setter</tag>
<doc>Clears and fills the given ``txt`` into the text field found by ``selector``.</doc>
<msg timestamp="20231111 20:17:46.607" level="INFO">Fills the text '00000014141' in the given field.</msg>
<status status="PASS" starttime="20231111 20:17:46.607" endtime="20231111 20:17:46.668"/>
</kw>
<kw name="Fill Text" library="Browser">
<arg>css=input[name=cep]</arg>
<arg>${dog_walker}[cep]</arg>
<tag>PageContent</tag>
<tag>Setter</tag>
<doc>Clears and fills the given ``txt`` into the text field found by ``selector``.</doc>
<msg timestamp="20231111 20:17:46.668" level="INFO">Fills the text '11050201' in the given field.</msg>
<status status="PASS" starttime="20231111 20:17:46.668" endtime="20231111 20:17:46.706"/>
</kw>
<kw name="Click" library="Browser">
<arg>css=input[type=button][value$=CEP]</arg>
<tag>PageContent</tag>
<tag>Setter</tag>
<doc>Simulates mouse click on the element found by ``selector``.</doc>
<status status="PASS" starttime="20231111 20:17:46.706" endtime="20231111 20:17:46.771"/>
</kw>
<kw name="Get Property" library="Browser">
<arg>css=input[name=addressStreet]</arg>
<arg>value</arg>
<arg>equal</arg>
<arg>${dog_walker}[street]</arg>
<tag>Assertion</tag>
<tag>Getter</tag>
<tag>PageContent</tag>
<doc>Returns the ``property`` of the element found by ``selector``.</doc>
<msg timestamp="20231111 20:17:47.233" level="INFO">Property: 'Avenida Washington Luís'</msg>
<status status="PASS" starttime="20231111 20:17:46.771" endtime="20231111 20:17:47.233"/>
</kw>
<kw name="Get Property" library="Browser">
<arg>css=input[name=addressDistrict]</arg>
<arg>value</arg>
<arg>equal</arg>
<arg>${dog_walker}[district]</arg>
<tag>Assertion</tag>
<tag>Getter</tag>
<tag>PageContent</tag>
<doc>Returns the ``property`` of the element found by ``selector``.</doc>
<msg timestamp="20231111 20:17:47.254" level="INFO">Property: 'Vila Mathias'</msg>
<status status="PASS" starttime="20231111 20:17:47.233" endtime="20231111 20:17:47.254"/>
</kw>
<kw name="Get Property" library="Browser">
<arg>css=input[name=addressCityUf]</arg>
<arg>value</arg>
<arg>equal</arg>
<arg>${dog_walker}[city_uf]</arg>
<tag>Assertion</tag>
<tag>Getter</tag>
<tag>PageContent</tag>
<doc>Returns the ``property`` of the element found by ``selector``.</doc>
<msg timestamp="20231111 20:17:47.274" level="INFO">Property: 'Santos/SP'</msg>
<status status="PASS" starttime="20231111 20:17:47.255" endtime="20231111 20:17:47.274"/>
</kw>
<kw name="Fill Text" library="Browser">
<arg>css=input[name=addressNumber]</arg>
<arg>${dog_walker}[number]</arg>
<tag>PageContent</tag>
<tag>Setter</tag>
<doc>Clears and fills the given ``txt`` into the text field found by ``selector``.</doc>
<msg timestamp="20231111 20:17:47.274" level="INFO">Fills the text '200' in the given field.</msg>
<status status="PASS" starttime="20231111 20:17:47.274" endtime="20231111 20:17:47.321"/>
</kw>
<kw name="Fill Text" library="Browser">
<arg>css=input[name=addressDetails]</arg>
<arg>${dog_walker}[details]</arg>
<tag>PageContent</tag>
<tag>Setter</tag>
<doc>Clears and fills the given ``txt`` into the text field found by ``selector``.</doc>
<msg timestamp="20231111 20:17:47.322" level="INFO">Fills the text 'Apto 28' in the given field.</msg>
<status status="PASS" starttime="20231111 20:17:47.322" endtime="20231111 20:17:47.374"/>
</kw>
<kw name="Upload File By Selector" library="Browser">
<arg>css=input[type=file]</arg>
<arg>${EXECDIR}/resources/fixtures/${dog_walker}[cnh]</arg>
<tag>PageContent</tag>
<tag>Setter</tag>
<doc>Uploads file from `path` to file input element matched by selector.</doc>
<status status="PASS" starttime="20231111 20:17:47.374" endtime="20231111 20:17:47.440"/>
</kw>
<status status="PASS" starttime="20231111 20:17:46.528" endtime="20231111 20:17:47.440"/>
</kw>
<kw name="Additional Service" library="signup">
<arg>Adestrar</arg>
<kw name="Click" library="Browser">
<arg>xpath=//span[text()="${additional_service}"]/..</arg>
<tag>PageContent</tag>
<tag>Setter</tag>
<doc>Simulates mouse click on the element found by ``selector``.</doc>
<status status="PASS" starttime="20231111 20:17:47.440" endtime="20231111 20:17:47.547"/>
</kw>
<status status="PASS" starttime="20231111 20:17:47.440" endtime="20231111 20:17:47.547"/>
</kw>
<kw name="Submit signup form" library="signup">
<kw name="Click" library="Browser">
<arg>css=.button-register</arg>
<tag>PageContent</tag>
<tag>Setter</tag>
<doc>Simulates mouse click on the element found by ``selector``.</doc>
<status status="PASS" starttime="20231111 20:17:47.549" endtime="20231111 20:17:47.624"/>
</kw>
<status status="PASS" starttime="20231111 20:17:47.548" endtime="20231111 20:17:47.624"/>
</kw>
<kw name="Popup should be" library="signup">
<arg>Recebemos o seu cadastro e em breve retornaremos o contato.</arg>
<kw name="Wait For Elements State" library="Browser">
<arg>css=.swal2-html-container</arg>
<arg>visible</arg>
<arg>5</arg>
<tag>PageContent</tag>
<tag>Wait</tag>
<doc>Waits for the element found by ``selector`` to satisfy state option.</doc>
<msg timestamp="20231111 20:17:48.477" level="INFO">Waited for Element with selector css=.swal2-html-container at state visible</msg>
<status status="PASS" starttime="20231111 20:17:47.625" endtime="20231111 20:17:48.477"/>
</kw>
<kw name="Get Text" library="Browser">
<arg>css=.swal2-html-container</arg>
<arg>equal</arg>
<arg>${expected_text}</arg>
<tag>Assertion</tag>
<tag>Getter</tag>
<tag>PageContent</tag>
<doc>Returns text attribute of the element found by ``selector``.</doc>
<msg timestamp="20231111 20:17:48.506" level="INFO">Text: 'Recebemos o seu cadastro e em breve retornaremos o contato.'</msg>
<status status="PASS" starttime="20231111 20:17:48.477" endtime="20231111 20:17:48.506"/>
</kw>
<status status="PASS" starttime="20231111 20:17:47.625" endtime="20231111 20:17:48.506"/>
</kw>
<kw name="Finish session" library="base" type="TEARDOWN">
<kw name="Take Screenshot" library="Browser">
<arg>fullPage=True</arg>
<tag>PageContent</tag>
<doc>Takes a screenshot of the current window or element and saves it to disk.</doc>
<msg timestamp="20231111 20:17:48.613" level="INFO" html="true">&lt;/td&gt;&lt;/tr&gt;&lt;tr&gt;&lt;td colspan="3"&gt;&lt;a href="browser/screenshot/robotframework-browser-screenshot-5.png" target="_blank"&gt;&lt;img src="browser/screenshot/robotframework-browser-screenshot-5.png" width="800px"/&gt;&lt;/a&gt;</msg>
<status status="PASS" starttime="20231111 20:17:48.508" endtime="20231111 20:17:48.614"/>
</kw>
<status status="PASS" starttime="20231111 20:17:48.508" endtime="20231111 20:17:48.614"/>
</kw>
<tag>aservice</tag>
<status status="PASS" starttime="20231111 20:17:45.160" endtime="20231111 20:17:48.615"/>
</test>
<doc>Suites de testes de cadastro de dog walker</doc>
<status status="PASS" starttime="20231111 20:17:29.728" endtime="20231111 20:17:48.712"/>
</suite>
<statistics>
<total>
<stat pass="5" fail="0" skip="0">All Tests</stat>
</total>
<tag>
<stat pass="2" fail="0" skip="0">aservice</stat>
<stat pass="1" fail="0" skip="0">cpf_inv</stat>
<stat pass="1" fail="0" skip="0">required</stat>
<stat pass="1" fail="0" skip="0">smoke</stat>
</tag>
<suite>
<stat pass="5" fail="0" skip="0" id="s1" name="Signup">Signup</stat>
</suite>
</statistics>
<errors>
</errors>
</robot>
